<?xml version="1.0" encoding="UTF-8"?>
<!-- Generated by org.testng.reporters.JUnitReportReporter -->
<testsuite hostname="DESKTOP-HSNMEPH" failures="0" tests="1" name="com.nextsoft.testcom.product.BuyProductTest" time="11.235" errors="0" timestamp="2022-06-16T22:28:31 ICT" skipped="0">
  <testcase classname="com.nextsoft.testcom.product.BuyProductTest" name="testLogin_usernameValid_passwordValid" time="11.235"/>
  <system-out/>
</testsuite> <!-- com.nextsoft.testcom.product.BuyProductTest -->
