<?xml version="1.0" encoding="UTF-8"?>
<!-- Generated by org.testng.reporters.JUnitReportReporter -->
<testsuite hostname="DESKTOP-0MGR9KI" failures="0" tests="5" name="com.nextsoft.testcom.product.BuyProductTest" time="34.320" errors="0" timestamp="2022-06-17T02:45:53 ICT" skipped="0">
  <testcase classname="com.nextsoft.testcom.product.BuyProductTest" name="test_Login_toHomepage" time="13.056"/>
  <system-out>
    <![CDATA[<img src='file://D:\hasilSS\20220617_024532.png'height="450" width="1017"/>]]>
  </system-out>
  <testcase classname="com.nextsoft.testcom.product.BuyProductTest" name="test_getProduct_Image_Name_Prize" time="2.396"/>
  <system-out>
    <![CDATA[<img src='file://D:\hasilSS\20220617_024536.png'height="450" width="1017"/>]]>
  </system-out>
  <testcase classname="com.nextsoft.testcom.product.BuyProductTest" name="testCheck_btnQuickView" time="7.787"/>
  <system-out>
    <![CDATA[<img src='file://D:\hasilSS\20220617_024542.png'height="450" width="1017"/>]]>
  </system-out>
  <testcase classname="com.nextsoft.testcom.product.BuyProductTest" name="testCheck_btnMore" time="6.484"/>
  <system-out>
    <![CDATA[<img src='file://D:\hasilSS\20220617_024548.png'height="450" width="1017"/>]]>
  </system-out>
  <testcase classname="com.nextsoft.testcom.product.BuyProductTest" name="testCheck_btnAddToCart" time="4.597"/>
  <system-out>
    <![CDATA[<img src='file://D:\hasilSS\20220617_024553.png'height="450" width="1017"/>]]>
  </system-out>
</testsuite> <!-- com.nextsoft.testcom.product.BuyProductTest -->
