<?xml version="1.0" encoding="UTF-8"?>
<!-- Generated by org.testng.reporters.JUnitReportReporter -->
<testsuite hostname="DESKTOP-0MGR9KI" failures="0" tests="1" name="com.nextsoft.testcom.product.BuyProductTest" time="19.811" errors="0" timestamp="2022-06-18T18:09:12 ICT" skipped="0">
  <testcase classname="com.nextsoft.testcom.product.BuyProductTest" name="test_Login_toHomepage" time="19.811"/>
  <system-out>
    <![CDATA[<img src='file://D:\hasilSS\20220618_180912.png'height="450" width="1017"/>]]>
  </system-out>
</testsuite> <!-- com.nextsoft.testcom.product.BuyProductTest -->
