<?xml version="1.0" encoding="UTF-8"?>
<!-- Generated by org.testng.reporters.JUnitReportReporter -->
<testsuite hostname="DESKTOP-0MGR9KI" failures="0" tests="3" name="com.nextsoft.testcom.product.testCases.BuyProductTest" time="23.465" errors="0" timestamp="2022-06-18T18:18:28 ICT" skipped="0">
  <testcase classname="com.nextsoft.testcom.product.testCases.BuyProductTest" name="test_Login_toHomepage" time="13.094"/>
  <system-out>
    <![CDATA[<img src='file://D:\hasilSS\20220618_181817.png'height="450" width="1017"/>]]>
  </system-out>
  <testcase classname="com.nextsoft.testcom.product.testCases.BuyProductTest" name="test_getProduct_Image_Name_Prize" time="3.290"/>
  <system-out>
    <![CDATA[<img src='file://D:\hasilSS\20220618_181820.png'height="450" width="1017"/>]]>
  </system-out>
  <testcase classname="com.nextsoft.testcom.product.testCases.BuyProductTest" name="testCheck_btnQuickView" time="7.081"/>
  <system-out>
    <![CDATA[<img src='file://D:\hasilSS\20220618_181827.png'height="450" width="1017"/>]]>
  </system-out>
</testsuite> <!-- com.nextsoft.testcom.product.testCases.BuyProductTest -->
