<?xml version="1.0" encoding="UTF-8"?>
<!-- Generated by org.testng.reporters.JUnitReportReporter -->
<testsuite hostname="Nexsoft" failures="0" tests="3" name="com.nextsoft.testcom.product.BuyProductTest" time="21.996" errors="0" timestamp="2022-06-17T06:41:39 WIB" skipped="0">
  <testcase classname="com.nextsoft.testcom.product.BuyProductTest" name="test_Login_toHomepage" time="12.437"/>
  <system-out>
    <![CDATA[<img src='file://D:\hasilSS\20220617_064130.png'height="450" width="1017"/>]]>
  </system-out>
  <testcase classname="com.nextsoft.testcom.product.BuyProductTest" name="test_getProduct_Image_Name_Prize" time="2.631"/>
  <system-out>
    <![CDATA[<img src='file://D:\hasilSS\20220617_064132.png'height="450" width="1017"/>]]>
  </system-out>
  <testcase classname="com.nextsoft.testcom.product.BuyProductTest" name="testCheck_btnQuickView" time="6.928"/>
  <system-out>
    <![CDATA[<img src='file://D:\hasilSS\20220617_064139.png'height="450" width="1017"/>]]>
  </system-out>
</testsuite> <!-- com.nextsoft.testcom.product.BuyProductTest -->
